     1                                  extern printf
     2                                  
     3                                  global main
     4                                      %define NULL 0
     5                                      %define NL 10
     6                                      %define EXIT_SUCCESS 0
     7                                      
     8                                  section .bss
     9                                  
    10                                  section .data
    11 00000000 05000000                    a: dd 5
    12 00000004 0A000000                    b: dd 10
    13 00000008 00000000                    c: dd 0
    14 0000000C 00000000                    d: dd 0
    15                                  
    16                                  section .rodata
    17 00000000 6578616D706C653A20-         fmt1: db "example: %2d a = %2d b = %2d c = %2d", NL, NULL
    17 00000009 2532642061203D2025-
    17 00000012 32642062203D202532-
    17 0000001B 642063203D20253264-
    17 00000024 0A00               
    18 00000026 6578616D706C653A20-         fmt2: db "example: %2d b = %2d eax = %2d c = %2d", NL, NULL
    18 0000002F 2532642062203D2025-
    18 00000038 326420656178203D20-
    18 00000041 2532642063203D2025-
    18 0000004A 32640A00           
    19 0000004E 6578616D706C653A20-         fmt3: db "example: %2d a = %2d b = %2d d = %2d c = %2d", NL, NULL
    19 00000057 2532642061203D2025-
    19 00000060 32642062203D202532-
    19 00000069 642064203D20253264-
    19 00000072 2063203D202532640A-
    19 0000007B 00                 
    20                                  
    21                                  section .text
    22                                  
    23                                  main:
    24 00000000 55                          push ebp
    25 00000001 89E5                        mov ebp, esp
    26                                  
    27                                      example1:
    28                                  
    29 00000003 A1[00000000]                mov eax, [ a ]
    30 00000008 8B1D[04000000]              mov ebx, [ b ]
    31 0000000E 39D8                        cmp eax, ebx
    32 00000010 750C                        jne .false
    33 00000012 C705[08000000]0100-             mov dword [ c ], 1
    33 0000001A 0000               
    34 0000001C EB0A                            jmp .done
    35                                      .false:
    36 0000001E C705[08000000]0000-             mov dword [ c ], 0
    36 00000026 0000               
    37                                      .done:
    38 00000028 FF35[08000000]              push dword [ c ]
    39 0000002E FF35[04000000]              push dword [ b ]
    40 00000034 FF35[00000000]              push dword [ a ]
    41 0000003A 6A01                        push dword 1 
    42 0000003C 68[00000000]                push dword fmt1
    43 00000041 E8(00000000)                call printf
    44 00000046 83C414                      add esp, 20
    45                                  
    46                                  example2:
    47 00000049 A1[00000000]                mov eax, [ a ]
    48 0000004E 8B1D[04000000]              mov ebx, [ b ]
    49 00000054 39D8                        cmp eax, ebx
    50 00000056 750C                        jne .true
    51 00000058 C705[08000000]0000-             mov dword [ c ], 0
    51 00000060 0000               
    52 00000062 EB0A                            jmp .done
    53                                  .true:
    54 00000064 C705[08000000]0100-         mov dword [ c ], 1
    54 0000006C 0000               
    55                                  .done:
    56 0000006E FF35[08000000]              push dword [ c ]
    57 00000074 FF35[04000000]              push dword [ b ]
    58 0000007A FF35[00000000]              push dword [ a ]
    59 00000080 6A01                        push dword 1
    60 00000082 68[26000000]                push dword fmt2
    61 00000087 E8(00000000)                call printf
    62 0000008C 83C414                      add esp, 20
    63                                  
    64                                  
    65 0000008F 89EC                        mov esp, ebp
    66 00000091 5D                          pop ebp
    67                                  
    68 00000092 B800000000                  mov eax, EXIT_SUCCESS
    69 00000097 C3                          ret
    70                                  
