==3074455== Memcheck, a memory error detector
==3074455== Copyright (C) 2002-2022, and GNU GPL'd, by Julian Seward et al.
==3074455== Using Valgrind-3.22.0 and LibVEX; rerun with -h for copyright info
==3074455== Command: /u/simones/cs205/Lab4/part3
==3074455== 
==3074455== Invalid write of size 4
==3074455==    at 0x80492C1: ??? (part3.asm:135)
==3074455==    by 0x40A7CB8: (below main) (libc_start_call_main.h:58)
==3074455==  Address 0x42c20ac is 0 bytes after a block of size 36 alloc'd
==3074455==    at 0x4040664: malloc (in /usr/libexec/valgrind/vgpreload_memcheck-x86-linux.so)
==3074455==    by 0x8049283: ??? (part3.asm:111)
==3074455==    by 0x40A7CB8: (below main) (libc_start_call_main.h:58)
==3074455== 
==3074455== 
==3074455== HEAP SUMMARY:
==3074455==     in use at exit: 0 bytes in 0 blocks
==3074455==   total heap usage: 3 allocs, 3 frees, 12,324 bytes allocated
==3074455== 
==3074455== All heap blocks were freed -- no leaks are possible
==3074455== 
==3074455== For lists of detected and suppressed errors, rerun with: -s
==3074455== ERROR SUMMARY: 1 errors from 1 contexts (suppressed: 0 from 0)
